This is pdfTeX, Version 3.141592653-2.6-1.40.28 (MiKTeX 25.12) (preloaded format=pdflatex 2026.2.28)  9 MAR 2026 21:53
entering extended mode
 restricted \write18 enabled.
 %&-line parsing enabled.
**./detailed_analysis_report.tex
(detailed_analysis_report.tex
LaTeX2e <2025-11-01>
L3 programming layer <2025-12-24>
(C:\Users\nicor\AppData\Local\Programs\MiKTeX\tex/latex/base\article.cls
Document Class: article 2025/01/22 v1.4n Standard LaTeX document class
(C:\Users\nicor\AppData\Local\Programs\MiKTeX\tex/latex/base\size11.clo
File: size11.clo 2025/01/22 v1.4n Standard LaTeX file (size option)
)
\c@part=\count275
\c@section=\count276
\c@subsection=\count277
\c@subsubsection=\count278
\c@paragraph=\count279
\c@subparagraph=\count280
\c@figure=\count281
\c@table=\count282
\abovecaptionskip=\skip49
\belowcaptionskip=\skip50
\bibindent=\dimen148
)
(C:\Users\nicor\AppData\Local\Programs\MiKTeX\tex/latex/base\inputenc.sty
Package: inputenc 2024/02/08 v1.3d Input encoding file
\inpenc@prehook=\toks17
\inpenc@posthook=\toks18
)
(C:\Users\nicor\AppData\Local\Programs\MiKTeX\tex/latex/base\fontenc.sty
Package: fontenc 2025/07/18 v2.1d Standard LaTeX package
)
(C:\Users\nicor\AppData\Local\Programs\MiKTeX\tex/latex/geometry\geometry.sty
Package: geometry 2020/01/02 v5.9 Page Geometry

(C:\Users\nicor\AppData\Local\Programs\MiKTeX\tex/latex/graphics\keyval.sty
Package: keyval 2022/05/29 v1.15 key=value parser (DPC)
\KV@toks@=\toks19
)
(C:\Users\nicor\AppData\Local\Programs\MiKTeX\tex/generic/iftex\ifvtex.sty
Package: ifvtex 2019/10/25 v1.7 ifvtex legacy package. Use iftex instead.

(C:\Users\nicor\AppData\Local\Programs\MiKTeX\tex/generic/iftex\iftex.sty
Package: iftex 2024/12/12 v1.0g TeX engine tests
))
\Gm@cnth=\count283
\Gm@cntv=\count284
\c@Gm@tempcnt=\count285
\Gm@bindingoffset=\dimen149
\Gm@wd@mp=\dimen150
\Gm@odd@mp=\dimen151
\Gm@even@mp=\dimen152
\Gm@layoutwidth=\dimen153
\Gm@layoutheight=\dimen154
\Gm@layouthoffset=\dimen155
\Gm@layoutvoffset=\dimen156
\Gm@dimlist=\toks20

(C:\Users\nicor\AppData\Local\Programs\MiKTeX\tex/latex/geometry\geometry.cfg))
(C:\Users\nicor\AppData\Local\Programs\MiKTeX\tex/latex/graphics\graphicx.sty
Package: graphicx 2024/12/31 v1.2e Enhanced LaTeX Graphics (DPC,SPQR)

(C:\Users\nicor\AppData\Local\Programs\MiKTeX\tex/latex/graphics\graphics.sty
Package: graphics 2024/08/06 v1.4g Standard LaTeX Graphics (DPC,SPQR)

(C:\Users\nicor\AppData\Local\Programs\MiKTeX\tex/latex/graphics\trig.sty
Package: trig 2023/12/02 v1.11 sin cos tan (DPC)
)
(C:\Users\nicor\AppData\Local\Programs\MiKTeX\tex/latex/graphics-cfg\graphics.c
fg
File: graphics.cfg 2016/06/04 v1.11 sample graphics configuration
)
Package graphics Info: Driver file: pdftex.def on input line 106.

(C:\Users\nicor\AppData\Local\Programs\MiKTeX\tex/latex/graphics-def\pdftex.def
File: pdftex.def 2025/09/29 v1.2d Graphics/color driver for pdftex
))
\Gin@req@height=\dimen157
\Gin@req@width=\dimen158
)
(C:\Users\nicor\AppData\Local\Programs\MiKTeX\tex/latex/caption\subcaption.sty
Package: subcaption 2023/07/28 v1.6b Sub-captions (AR)

(C:\Users\nicor\AppData\Local\Programs\MiKTeX\tex/latex/caption\caption.sty
Package: caption 2023/08/05 v3.6o Customizing captions (AR)

(C:\Users\nicor\AppData\Local\Programs\MiKTeX\tex/latex/caption\caption3.sty
Package: caption3 2023/07/31 v2.4d caption3 kernel (AR)
\caption@tempdima=\dimen159
\captionmargin=\dimen160
\caption@leftmargin=\dimen161
\caption@rightmargin=\dimen162
\caption@width=\dimen163
\caption@indent=\dimen164
\caption@parindent=\dimen165
\caption@hangindent=\dimen166
Package caption Info: Standard document class detected.
)
\c@caption@flags=\count286
\c@continuedfloat=\count287
)
Package caption Info: New subtype `subfigure' on input line 238.
\c@subfigure=\count288
Package caption Info: New subtype `subtable' on input line 238.
\c@subtable=\count289
) (C:\Users\nicor\AppData\Local\Programs\MiKTeX\tex/latex/booktabs\booktabs.sty
Package: booktabs 2020/01/12 v1.61803398 Publication quality tables
\heavyrulewidth=\dimen167
\lightrulewidth=\dimen168
\cmidrulewidth=\dimen169
\belowrulesep=\dimen170
\belowbottomsep=\dimen171
\aboverulesep=\dimen172
\abovetopsep=\dimen173
\cmidrulesep=\dimen174
\cmidrulekern=\dimen175
\defaultaddspace=\dimen176
\@cmidla=\count290
\@cmidlb=\count291
\@aboverulesep=\dimen177
\@belowrulesep=\dimen178
\@thisruleclass=\count292
\@lastruleclass=\count293
\@thisrulewidth=\dimen179
) (C:\Users\nicor\AppData\Local\Programs\MiKTeX\tex/latex/tools\longtable.sty
Package: longtable 2025-10-13 v4.24 Multi-page Table package (DPC)
\LTleft=\skip51
\LTright=\skip52
\LTpre=\skip53
\LTpost=\skip54
\LTchunksize=\count294
\LTcapwidth=\dimen180
\LT@head=\box53
\LT@firsthead=\box54
\LT@foot=\box55
\LT@lastfoot=\box56
\LT@gbox=\box57
\LT@cols=\count295
\LT@rows=\count296
\c@LT@tables=\count297
\c@LT@chunks=\count298
\LT@p@ftn=\toks21
)
(C:\Users\nicor\AppData\Local\Programs\MiKTeX\tex/latex/tools\array.sty
Package: array 2025/09/25 v2.6n Tabular extension package (FMi)
\col@sep=\dimen181
\ar@mcellbox=\box58
\extrarowheight=\dimen182
\NC@list=\toks22
\extratabsurround=\skip55
\backup@length=\skip56
\ar@cellbox=\box59
)
(C:\Users\nicor\AppData\Local\Programs\MiKTeX\tex/latex/pdflscape\pdflscape.sty
Package: pdflscape 2022-10-27 v0.13 Display of landscape pages in PDF

(C:\Users\nicor\AppData\Local\Programs\MiKTeX\tex/latex/pdflscape\pdflscape-nom
etadata.sty
Package: pdflscape-nometadata 2022-10-28 v0.13 Display of landscape pages in PD
F (HO)

(C:\Users\nicor\AppData\Local\Programs\MiKTeX\tex/latex/graphics\lscape.sty
Package: lscape 2020/05/28 v3.02 Landscape Pages (DPC)
)
Package pdflscape Info: Auto-detected driver: pdftex on input line 81.
))
(C:\Users\nicor\AppData\Local\Programs\MiKTeX\tex/latex/float\float.sty
Package: float 2001/11/08 v1.3d Float enhancements (AL)
\c@float@type=\count299
\float@exts=\toks23
\float@box=\box60
\@float@everytoks=\toks24
\@floatcapt=\box61
)
(C:\Users\nicor\AppData\Local\Programs\MiKTeX\tex/latex/hyperref\hyperref.sty
Package: hyperref 2025-07-12 v7.01o Hypertext links for LaTeX

(C:\Users\nicor\AppData\Local\Programs\MiKTeX\tex/latex/kvsetkeys\kvsetkeys.sty
Package: kvsetkeys 2022-10-05 v1.19 Key value parser (HO)
)
(C:\Users\nicor\AppData\Local\Programs\MiKTeX\tex/generic/kvdefinekeys\kvdefine
keys.sty
Package: kvdefinekeys 2019-12-19 v1.6 Define keys (HO)
)
(C:\Users\nicor\AppData\Local\Programs\MiKTeX\tex/generic/pdfescape\pdfescape.s
ty
Package: pdfescape 2019/12/09 v1.15 Implements pdfTeX's escape features (HO)

(C:\Users\nicor\AppData\Local\Programs\MiKTeX\tex/generic/ltxcmds\ltxcmds.sty
Package: ltxcmds 2023-12-04 v1.26 LaTeX kernel commands for general use (HO)
)
(C:\Users\nicor\AppData\Local\Programs\MiKTeX\tex/generic/pdftexcmds\pdftexcmds
.sty
Package: pdftexcmds 2020-06-27 v0.33 Utility functions of pdfTeX for LuaTeX (HO
)

(C:\Users\nicor\AppData\Local\Programs\MiKTeX\tex/generic/infwarerr\infwarerr.s
ty
Package: infwarerr 2019/12/03 v1.5 Providing info/warning/error messages (HO)
)
Package pdftexcmds Info: \pdf@primitive is available.
Package pdftexcmds Info: \pdf@ifprimitive is available.
Package pdftexcmds Info: \pdfdraftmode found.
))
(C:\Users\nicor\AppData\Local\Programs\MiKTeX\tex/latex/hycolor\hycolor.sty
Package: hycolor 2020-01-27 v1.10 Color options for hyperref/bookmark (HO)
)
(C:\Users\nicor\AppData\Local\Programs\MiKTeX\tex/latex/hyperref\nameref.sty
Package: nameref 2025-06-21 v2.57 Cross-referencing by name of section

(C:\Users\nicor\AppData\Local\Programs\MiKTeX\tex/latex/refcount\refcount.sty
Package: refcount 2019/12/15 v3.6 Data extraction from label references (HO)
)
(C:\Users\nicor\AppData\Local\Programs\MiKTeX\tex/generic/gettitlestring\gettit
lestring.sty
Package: gettitlestring 2019/12/15 v1.6 Cleanup title references (HO)

(C:\Users\nicor\AppData\Local\Programs\MiKTeX\tex/latex/kvoptions\kvoptions.sty
Package: kvoptions 2022-06-15 v3.15 Key value format for package options (HO)
))
\c@section@level=\count300
)
(C:\Users\nicor\AppData\Local\Programs\MiKTeX\tex/latex/etoolbox\etoolbox.sty
Package: etoolbox 2025/10/02 v2.5m e-TeX tools for LaTeX (JAW)
\etb@tempcnta=\count301
)
(C:\Users\nicor\AppData\Local\Programs\MiKTeX\tex/generic/stringenc\stringenc.s
ty
Package: stringenc 2019/11/29 v1.12 Convert strings between diff. encodings (HO
)
)
\@linkdim=\dimen183
\Hy@linkcounter=\count302
\Hy@pagecounter=\count303
 (C:\Users\nicor\AppData\Local\Programs\MiKTeX\tex/latex/hyperref\pd1enc.def
File: pd1enc.def 2025-07-12 v7.01o Hyperref: PDFDocEncoding definition (HO)
Now handling font encoding PD1 ...
... no UTF-8 mapping file for font encoding PD1
) (C:\Users\nicor\AppData\Local\Programs\MiKTeX\tex/generic/intcalc\intcalc.sty
Package: intcalc 2019/12/15 v1.3 Expandable calculations with integers (HO)
)
\Hy@SavedSpaceFactor=\count304
 (C:\Users\nicor\AppData\Local\Programs\MiKTeX\tex/latex/hyperref\puenc.def
File: puenc.def 2025-07-12 v7.01o Hyperref: PDF Unicode definition (HO)
Now handling font encoding PU ...
... no UTF-8 mapping file for font encoding PU
)
Package hyperref Info: Hyper figures OFF on input line 4195.
Package hyperref Info: Link nesting OFF on input line 4200.
Package hyperref Info: Hyper index ON on input line 4203.
Package hyperref Info: Plain pages OFF on input line 4210.
Package hyperref Info: Backreferencing OFF on input line 4215.
Package hyperref Info: Implicit mode ON; LaTeX internals redefined.
Package hyperref Info: Bookmarks ON on input line 4462.
\c@Hy@tempcnt=\count305

(C:\Users\nicor\AppData\Local\Programs\MiKTeX\tex/latex/url\url.sty
\Urlmuskip=\muskip17
Package: url 2013/09/16  ver 3.4  Verb mode for urls, etc.
)
LaTeX Info: Redefining \url on input line 4801.
\XeTeXLinkMargin=\dimen184

(C:\Users\nicor\AppData\Local\Programs\MiKTeX\tex/generic/bitset\bitset.sty
Package: bitset 2019/12/09 v1.3 Handle bit-vector datatype (HO)

(C:\Users\nicor\AppData\Local\Programs\MiKTeX\tex/generic/bigintcalc\bigintcalc
.sty
Package: bigintcalc 2019/12/15 v1.5 Expandable calculations on big integers (HO
)
))
\Fld@menulength=\count306
\Field@Width=\dimen185
\Fld@charsize=\dimen186
Package hyperref Info: Hyper figures OFF on input line 6078.
Package hyperref Info: Link nesting OFF on input line 6083.
Package hyperref Info: Hyper index ON on input line 6086.
Package hyperref Info: backreferencing OFF on input line 6093.
Package hyperref Info: Link coloring OFF on input line 6098.
Package hyperref Info: Link coloring with OCG OFF on input line 6103.
Package hyperref Info: PDF/A mode OFF on input line 6108.
\Hy@abspage=\count307
\c@Item=\count308
\c@Hfootnote=\count309
)
Package hyperref Info: Driver (autodetected): hpdftex.

(C:\Users\nicor\AppData\Local\Programs\MiKTeX\tex/latex/hyperref\hpdftex.def
File: hpdftex.def 2025-07-12 v7.01o Hyperref driver for pdfTeX
\Fld@listcount=\count310
\c@bookmark@seq@number=\count311

(C:\Users\nicor\AppData\Local\Programs\MiKTeX\tex/latex/rerunfilecheck\rerunfil
echeck.sty
Package: rerunfilecheck 2025-06-21 v1.11 Rerun checks for auxiliary files (HO)

(C:\Users\nicor\AppData\Local\Programs\MiKTeX\tex/generic/uniquecounter\uniquec
ounter.sty
Package: uniquecounter 2019/12/15 v1.4 Provide unlimited unique counter (HO)
)
Package uniquecounter Info: New unique counter `rerunfilecheck' on input line 2
84.
)
\Hy@SectionHShift=\skip57
)
(C:\Users\nicor\AppData\Local\Programs\MiKTeX\tex/latex/l3backend\l3backend-pdf
tex.def
File: l3backend-pdftex.def 2025-10-09 L3 backend support: PDF output (pdfTeX)
\l__color_backend_stack_int=\count312
) (detailed_analysis_report.aux)
\openout1 = `detailed_analysis_report.aux'.

LaTeX Font Info:    Checking defaults for OML/cmm/m/it on input line 31.
LaTeX Font Info:    ... okay on input line 31.
LaTeX Font Info:    Checking defaults for OMS/cmsy/m/n on input line 31.
LaTeX Font Info:    ... okay on input line 31.
LaTeX Font Info:    Checking defaults for OT1/cmr/m/n on input line 31.
LaTeX Font Info:    ... okay on input line 31.
LaTeX Font Info:    Checking defaults for T1/cmr/m/n on input line 31.
LaTeX Font Info:    ... okay on input line 31.
LaTeX Font Info:    Checking defaults for TS1/cmr/m/n on input line 31.
LaTeX Font Info:    ... okay on input line 31.
LaTeX Font Info:    Checking defaults for OMX/cmex/m/n on input line 31.
LaTeX Font Info:    ... okay on input line 31.
LaTeX Font Info:    Checking defaults for U/cmr/m/n on input line 31.
LaTeX Font Info:    ... okay on input line 31.
LaTeX Font Info:    Checking defaults for PD1/pdf/m/n on input line 31.
LaTeX Font Info:    ... okay on input line 31.
LaTeX Font Info:    Checking defaults for PU/pdf/m/n on input line 31.
LaTeX Font Info:    ... okay on input line 31.

*geometry* driver: auto-detecting
*geometry* detected driver: pdftex
*geometry* verbose mode - [ preamble ] result:
* driver: pdftex
* paper: a4paper
* layout: <same size as paper>
* layoutoffset:(h,v)=(0.0pt,0.0pt)
* modes: 
* h-part:(L,W,R)=(62.59596pt, 472.31595pt, 62.59596pt)
* v-part:(T,H,B)=(62.59596pt, 719.85492pt, 62.59596pt)
* \paperwidth=597.50787pt
* \paperheight=845.04684pt
* \textwidth=472.31595pt
* \textheight=719.85492pt
* \oddsidemargin=-9.67403pt
* \evensidemargin=-9.67403pt
* \topmargin=-46.67403pt
* \headheight=12.0pt
* \headsep=25.0pt
* \topskip=11.0pt
* \footskip=30.0pt
* \marginparwidth=50.0pt
* \marginparsep=10.0pt
* \columnsep=10.0pt
* \skip\footins=10.0pt plus 4.0pt minus 2.0pt
* \hoffset=0.0pt
* \voffset=0.0pt
* \mag=1000
* \@twocolumnfalse
* \@twosidefalse
* \@mparswitchfalse
* \@reversemarginfalse
* (1in=72.27pt=25.4mm, 1cm=28.453pt)


(C:\Users\nicor\AppData\Local\Programs\MiKTeX\tex/context/base/mkii\supp-pdf.mk
ii
[Loading MPS to PDF converter (version 2006.09.02).]
\scratchcounter=\count313
\scratchdimen=\dimen187
\scratchbox=\box62
\nofMPsegments=\count314
\nofMParguments=\count315
\everyMPshowfont=\toks25
\MPscratchCnt=\count316
\MPscratchDim=\dimen188
\MPnumerator=\count317
\makeMPintoPDFobject=\count318
\everyMPtoPDFconversion=\toks26
)
(C:\Users\nicor\AppData\Local\Programs\MiKTeX\tex/latex/epstopdf-pkg\epstopdf-b
ase.sty
Package: epstopdf-base 2020-01-24 v2.11 Base part for package epstopdf
Package epstopdf-base Info: Redefining graphics rule for `.eps' on input line 4
85.

(C:\Users\nicor\AppData\Local\Programs\MiKTeX\tex/latex/00miktex\epstopdf-sys.c
fg
File: epstopdf-sys.cfg 2021/03/18 v2.0 Configuration of epstopdf for MiKTeX
))
Package caption Info: Begin \AtBeginDocument code.
Package caption Info: float package is loaded.
Package caption Info: hyperref package is loaded.
Package caption Info: longtable package is loaded.

(C:\Users\nicor\AppData\Local\Programs\MiKTeX\tex/latex/caption\ltcaption.sty
Package: ltcaption 2021/01/08 v1.4c longtable captions (AR)
)
Package caption Info: End \AtBeginDocument code.
Package hyperref Info: Link coloring OFF on input line 31.

(detailed_analysis_report.out) (detailed_analysis_report.out)
\@outlinefile=\write3
\openout3 = `detailed_analysis_report.out'.

Package hyperref Info: Option `pageanchor' set `false' on input line 33.
LaTeX Font Info:    External font `cmex10' loaded for size
(Font)              <10.95> on input line 49.
LaTeX Font Info:    External font `cmex10' loaded for size
(Font)              <8> on input line 49.
LaTeX Font Info:    External font `cmex10' loaded for size
(Font)              <6> on input line 49.
 [1

{C:/Users/nicor/AppData/Local/MiKTeX/fonts/map/pdftex/pdftex.map}]
Package hyperref Info: Option `pageanchor' set `true' on input line 75.
 [1

]
(detailed_analysis_report.toc)
\tf@toc=\write4
\openout4 = `detailed_analysis_report.toc'.

 [2

]
<../figures/base_hv_pooled/base_hv_normalized_convergence_pooled_budget_1000.pn
g, id=89, 929.874pt x 342.3189pt>
File: ../figures/base_hv_pooled/base_hv_normalized_convergence_pooled_budget_10
00.png Graphic file (type png)
<use ../figures/base_hv_pooled/base_hv_normalized_convergence_pooled_budget_100
0.png>
Package pdftex.def Info: ../figures/base_hv_pooled/base_hv_normalized_convergen
ce_pooled_budget_1000.png  used on input line 131.
(pdftex.def)             Requested size: 226.70963pt x 83.45882pt.
<../figures/base_hv_pooled/base_hv_normalized_convergence_pooled_budget_3000.pn
g, id=91, 929.874pt x 342.3189pt>
File: ../figures/base_hv_pooled/base_hv_normalized_convergence_pooled_budget_30
00.png Graphic file (type png)
<use ../figures/base_hv_pooled/base_hv_normalized_convergence_pooled_budget_300
0.png>
Package pdftex.def Info: ../figures/base_hv_pooled/base_hv_normalized_convergen
ce_pooled_budget_3000.png  used on input line 137.
(pdftex.def)             Requested size: 226.70963pt x 83.45882pt.
<../figures/base_hv_pooled/base_hv_normalized_convergence_pooled_budget_5000.pn
g, id=92, 929.874pt x 342.3189pt>
File: ../figures/base_hv_pooled/base_hv_normalized_convergence_pooled_budget_50
00.png Graphic file (type png)
<use ../figures/base_hv_pooled/base_hv_normalized_convergence_pooled_budget_500
0.png>
Package pdftex.def Info: ../figures/base_hv_pooled/base_hv_normalized_convergen
ce_pooled_budget_5000.png  used on input line 143.
(pdftex.def)             Requested size: 226.70963pt x 83.45882pt.
<../figures/base_hv_pooled/base_hv_normalized_convergence_pooled_budget_7000.pn
g, id=93, 929.874pt x 342.3189pt>
File: ../figures/base_hv_pooled/base_hv_normalized_convergence_pooled_budget_70
00.png Graphic file (type png)
<use ../figures/base_hv_pooled/base_hv_normalized_convergence_pooled_budget_700
0.png>
Package pdftex.def Info: ../figures/base_hv_pooled/base_hv_normalized_convergen
ce_pooled_budget_7000.png  used on input line 149.
(pdftex.def)             Requested size: 226.70963pt x 83.45882pt.
<../figures/base_hv_normalized_individual/base_hv_normalized_convergence_RE3D_b
udget_1000.png, id=94, 930.1149pt x 342.3189pt>
File: ../figures/base_hv_normalized_individual/base_hv_normalized_convergence_R
E3D_budget_1000.png Graphic file (type png)
<use ../figures/base_hv_normalized_individual/base_hv_normalized_convergence_RE
3D_budget_1000.png>
Package pdftex.def Info: ../figures/base_hv_normalized_individual/base_hv_norma
lized_convergence_RE3D_budget_1000.png  used on input line 161.
(pdftex.def)             Requested size: 226.70963pt x 83.43793pt.
<../figures/base_hv_normalized_individual/base_hv_normalized_convergence_RE3D_b
udget_3000.png, id=95, 930.1149pt x 342.3189pt>
File: ../figures/base_hv_normalized_individual/base_hv_normalized_convergence_R
E3D_budget_3000.png Graphic file (type png)
<use ../figures/base_hv_normalized_individual/base_hv_normalized_convergence_RE
3D_budget_3000.png>
Package pdftex.def Info: ../figures/base_hv_normalized_individual/base_hv_norma
lized_convergence_RE3D_budget_3000.png  used on input line 167.
(pdftex.def)             Requested size: 226.70963pt x 83.43793pt.
<../figures/base_hv_normalized_individual/base_hv_normalized_convergence_RE3D_b
udget_5000.png, id=96, 930.1149pt x 342.3189pt>
File: ../figures/base_hv_normalized_individual/base_hv_normalized_convergence_R
E3D_budget_5000.png Graphic file (type png)
<use ../figures/base_hv_normalized_individual/base_hv_normalized_convergence_RE
3D_budget_5000.png>
Package pdftex.def Info: ../figures/base_hv_normalized_individual/base_hv_norma
lized_convergence_RE3D_budget_5000.png  used on input line 173.
(pdftex.def)             Requested size: 226.70963pt x 83.43793pt.
<../figures/base_hv_normalized_individual/base_hv_normalized_convergence_RE3D_b
udget_7000.png, id=97, 930.1149pt x 342.3189pt>
File: ../figures/base_hv_normalized_individual/base_hv_normalized_convergence_R
E3D_budget_7000.png Graphic file (type png)
<use ../figures/base_hv_normalized_individual/base_hv_normalized_convergence_RE
3D_budget_7000.png>
Package pdftex.def Info: ../figures/base_hv_normalized_individual/base_hv_norma
lized_convergence_RE3D_budget_7000.png  used on input line 179.
(pdftex.def)             Requested size: 226.70963pt x 83.43793pt.
<../figures/base_hv_normalized_individual/base_hv_normalized_convergence_RWA3D_
budget_1000.png, id=98, 930.1149pt x 342.3189pt>
File: ../figures/base_hv_normalized_individual/base_hv_normalized_convergence_R
WA3D_budget_1000.png Graphic file (type png)
<use ../figures/base_hv_normalized_individual/base_hv_normalized_convergence_RW
A3D_budget_1000.png>
Package pdftex.def Info: ../figures/base_hv_normalized_individual/base_hv_norma
lized_convergence_RWA3D_budget_1000.png  used on input line 191.
(pdftex.def)             Requested size: 226.70963pt x 83.43793pt.
<../figures/base_hv_normalized_individual/base_hv_normalized_convergence_RWA3D_
budget_3000.png, id=99, 930.1149pt x 342.3189pt>
File: ../figures/base_hv_normalized_individual/base_hv_normalized_convergence_R
WA3D_budget_3000.png Graphic file (type png)
<use ../figures/base_hv_normalized_individual/base_hv_normalized_convergence_RW
A3D_budget_3000.png>
Package pdftex.def Info: ../figures/base_hv_normalized_individual/base_hv_norma
lized_convergence_RWA3D_budget_3000.png  used on input line 197.
(pdftex.def)             Requested size: 226.70963pt x 83.43793pt.
<../figures/base_hv_normalized_individual/base_hv_normalized_convergence_RWA3D_
budget_5000.png, id=100, 930.1149pt x 342.3189pt>
File: ../figures/base_hv_normalized_individual/base_hv_normalized_convergence_R
WA3D_budget_5000.png Graphic file (type png)
<use ../figures/base_hv_normalized_individual/base_hv_normalized_convergence_RW
A3D_budget_5000.png>
Package pdftex.def Info: ../figures/base_hv_normalized_individual/base_hv_norma
lized_convergence_RWA3D_budget_5000.png  used on input line 203.
(pdftex.def)             Requested size: 226.70963pt x 83.43793pt.
<../figures/base_hv_normalized_individual/base_hv_normalized_convergence_RWA3D_
budget_7000.png, id=101, 930.1149pt x 342.3189pt>
File: ../figures/base_hv_normalized_individual/base_hv_normalized_convergence_R
WA3D_budget_7000.png Graphic file (type png)
<use ../figures/base_hv_normalized_individual/base_hv_normalized_convergence_RW
A3D_budget_7000.png>
Package pdftex.def Info: ../figures/base_hv_normalized_individual/base_hv_norma
lized_convergence_RWA3D_budget_7000.png  used on input line 209.
(pdftex.def)             Requested size: 226.70963pt x 83.43793pt.
 [1

] [2 <../figures/base_hv_pooled/base_hv_normalized_convergence_pooled_budget_10
00.png> <../figures/base_hv_pooled/base_hv_normalized_convergence_pooled_budget
_3000.png> <../figures/base_hv_pooled/base_hv_normalized_convergence_pooled_bud
get_5000.png> <../figures/base_hv_pooled/base_hv_normalized_convergence_pooled_
budget_7000.png> <../figures/base_hv_normalized_individual/base_hv_normalized_c
onvergence_RE3D_budget_1000.png> <../figures/base_hv_normalized_individual/base
_hv_normalized_convergence_RE3D_budget_3000.png> <../figures/base_hv_normalized
_individual/base_hv_normalized_convergence_RE3D_budget_5000.png> <../figures/ba
se_hv_normalized_individual/base_hv_normalized_convergence_RE3D_budget_7000.png
>] [3 <../figures/base_hv_normalized_individual/base_hv_normalized_convergence_
RWA3D_budget_1000.png> <../figures/base_hv_normalized_individual/base_hv_normal
ized_convergence_RWA3D_budget_3000.png> <../figures/base_hv_normalized_individu
al/base_hv_normalized_convergence_RWA3D_budget_5000.png> <../figures/base_hv_no
rmalized_individual/base_hv_normalized_convergence_RWA3D_budget_7000.png>] [4

]
Overfull \hbox (5.58746pt too wide) in paragraph at lines 266--276
 [][] 
 []

<../figures/component_importance/budget_1000/component_importance_consensus_ref
erence_1000.png, id=137, 936.6192pt x 422.0568pt>
File: ../figures/component_importance/budget_1000/component_importance_consensu
s_reference_1000.png Graphic file (type png)
<use ../figures/component_importance/budget_1000/component_importance_consensus
_reference_1000.png>
Package pdftex.def Info: ../figures/component_importance/budget_1000/component_
importance_consensus_reference_1000.png  used on input line 294.
(pdftex.def)             Requested size: 226.70963pt x 102.15866pt.
<../figures/component_importance/budget_3000/component_importance_consensus_ref
erence_3000.png, id=138, 936.1374pt x 422.0568pt>
File: ../figures/component_importance/budget_3000/component_importance_consensu
s_reference_3000.png Graphic file (type png)
<use ../figures/component_importance/budget_3000/component_importance_consensus
_reference_3000.png>
Package pdftex.def Info: ../figures/component_importance/budget_3000/component_
importance_consensus_reference_3000.png  used on input line 300.
(pdftex.def)             Requested size: 226.70963pt x 102.21017pt.
<../figures/component_importance/budget_5000/component_importance_consensus_ref
erence_5000.png, id=139, 936.1374pt x 422.0568pt>
File: ../figures/component_importance/budget_5000/component_importance_consensu
s_reference_5000.png Graphic file (type png)
<use ../figures/component_importance/budget_5000/component_importance_consensus
_reference_5000.png>
Package pdftex.def Info: ../figures/component_importance/budget_5000/component_
importance_consensus_reference_5000.png  used on input line 306.
(pdftex.def)             Requested size: 226.70963pt x 102.21017pt.
<../figures/component_importance/budget_7000/component_importance_consensus_ref
erence_7000.png, id=140, 930.3558pt x 422.0568pt>
File: ../figures/component_importance/budget_7000/component_importance_consensu
s_reference_7000.png Graphic file (type png)
<use ../figures/component_importance/budget_7000/component_importance_consensus
_reference_7000.png>
Package pdftex.def Info: ../figures/component_importance/budget_7000/component_
importance_consensus_reference_7000.png  used on input line 312.
(pdftex.def)             Requested size: 226.70963pt x 102.84775pt.
<../figures/component_importance/budget_1000/component_importance_consensus_est
imated_1000.png, id=141, 998.5305pt x 422.0568pt>
File: ../figures/component_importance/budget_1000/component_importance_consensu
s_estimated_1000.png Graphic file (type png)
<use ../figures/component_importance/budget_1000/component_importance_consensus
_estimated_1000.png>
Package pdftex.def Info: ../figures/component_importance/budget_1000/component_
importance_consensus_estimated_1000.png  used on input line 324.
(pdftex.def)             Requested size: 226.70963pt x 95.82164pt.
<../figures/component_importance/budget_3000/component_importance_consensus_est
imated_3000.png, id=142, 998.5305pt x 422.0568pt>
File: ../figures/component_importance/budget_3000/component_importance_consensu
s_estimated_3000.png Graphic file (type png)
<use ../figures/component_importance/budget_3000/component_importance_consensus
_estimated_3000.png>
Package pdftex.def Info: ../figures/component_importance/budget_3000/component_
importance_consensus_estimated_3000.png  used on input line 330.
(pdftex.def)             Requested size: 226.70963pt x 95.82164pt.
<../figures/component_importance/budget_5000/component_importance_consensus_est
imated_5000.png, id=143, 998.5305pt x 422.0568pt>
File: ../figures/component_importance/budget_5000/component_importance_consensu
s_estimated_5000.png Graphic file (type png)
<use ../figures/component_importance/budget_5000/component_importance_consensus
_estimated_5000.png>
Package pdftex.def Info: ../figures/component_importance/budget_5000/component_
importance_consensus_estimated_5000.png  used on input line 336.
(pdftex.def)             Requested size: 226.70963pt x 95.82164pt.
<../figures/component_importance/budget_7000/component_importance_consensus_est
imated_7000.png, id=144, 998.5305pt x 422.0568pt>
File: ../figures/component_importance/budget_7000/component_importance_consensu
s_estimated_7000.png Graphic file (type png)
<use ../figures/component_importance/budget_7000/component_importance_consensus
_estimated_7000.png>
Package pdftex.def Info: ../figures/component_importance/budget_7000/component_
importance_consensus_estimated_7000.png  used on input line 342.
(pdftex.def)             Requested size: 226.70963pt x 95.82164pt.
<../figures/component_importance/budget_7000/component_importance_RE3D_referenc
eFronts_7000.png, id=145, 933.0057pt x 422.0568pt>
File: ../figures/component_importance/budget_7000/component_importance_RE3D_ref
erenceFronts_7000.png Graphic file (type png)
<use ../figures/component_importance/budget_7000/component_importance_RE3D_refe
renceFronts_7000.png>
Package pdftex.def Info: ../figures/component_importance/budget_7000/component_
importance_RE3D_referenceFronts_7000.png  used on input line 354.
(pdftex.def)             Requested size: 226.70963pt x 102.5515pt.
<../figures/component_importance/budget_7000/component_importance_RE3D_estimate
dReferenceFronts_7000.png, id=146, 998.5305pt x 422.0568pt>
File: ../figures/component_importance/budget_7000/component_importance_RE3D_est
imatedReferenceFronts_7000.png Graphic file (type png)
<use ../figures/component_importance/budget_7000/component_importance_RE3D_esti
matedReferenceFronts_7000.png>
Package pdftex.def Info: ../figures/component_importance/budget_7000/component_
importance_RE3D_estimatedReferenceFronts_7000.png  used on input line 360.
(pdftex.def)             Requested size: 226.70963pt x 95.82164pt.
<../figures/component_importance/budget_7000/component_importance_RWA3D_referen
ceFronts_7000.png, id=147, 936.1374pt x 422.0568pt>
File: ../figures/component_importance/budget_7000/component_importance_RWA3D_re
ferenceFronts_7000.png Graphic file (type png)
<use ../figures/component_importance/budget_7000/component_importance_RWA3D_ref
erenceFronts_7000.png>
Package pdftex.def Info: ../figures/component_importance/budget_7000/component_
importance_RWA3D_referenceFronts_7000.png  used on input line 366.
(pdftex.def)             Requested size: 226.70963pt x 102.21017pt.
<../figures/component_importance/budget_7000/component_importance_RWA3D_estimat
edReferenceFronts_7000.png, id=148, 936.1374pt x 422.0568pt>
File: ../figures/component_importance/budget_7000/component_importance_RWA3D_es
timatedReferenceFronts_7000.png Graphic file (type png)
<use ../figures/component_importance/budget_7000/component_importance_RWA3D_est
imatedReferenceFronts_7000.png>
Package pdftex.def Info: ../figures/component_importance/budget_7000/component_
importance_RWA3D_estimatedReferenceFronts_7000.png  used on input line 372.
(pdftex.def)             Requested size: 226.70963pt x 102.21017pt.
[5

] [6 <../figures/component_importance/budget_1000/component_importance_consensu
s_reference_1000.png> <../figures/component_importance/budget_3000/component_im
portance_consensus_reference_3000.png> <../figures/component_importance/budget_
5000/component_importance_consensus_reference_5000.png> <../figures/component_i
mportance/budget_7000/component_importance_consensus_reference_7000.png> <../fi
gures/component_importance/budget_1000/component_importance_consensus_estimated
_1000.png> <../figures/component_importance/budget_3000/component_importance_co
nsensus_estimated_3000.png> <../figures/component_importance/budget_5000/compon
ent_importance_consensus_estimated_5000.png> <../figures/component_importance/b
udget_7000/component_importance_consensus_estimated_7000.png>] [7 <../figures/c
omponent_importance/budget_7000/component_importance_RE3D_referenceFronts_7000.
png> <../figures/component_importance/budget_7000/component_importance_RE3D_est
imatedReferenceFronts_7000.png> <../figures/component_importance/budget_7000/co
mponent_importance_RWA3D_referenceFronts_7000.png> <../figures/component_import
ance/budget_7000/component_importance_RWA3D_estimatedReferenceFronts_7000.png>]
 [8

]
Overfull \hbox (110.61717pt too wide) in paragraph at lines 437--459
 [][] 
 []

<../figures/configuration_distance/budget_1000/configuration_distance_distribut
ion_referenceFronts_1000.png, id=182, 714.0276pt x 334.1283pt>
File: ../figures/configuration_distance/budget_1000/configuration_distance_dist
ribution_referenceFronts_1000.png Graphic file (type png)
<use ../figures/configuration_distance/budget_1000/configuration_distance_distr
ibution_referenceFronts_1000.png>
Package pdftex.def Info: ../figures/configuration_distance/budget_1000/configur
ation_distance_distribution_referenceFronts_1000.png  used on input line 512.
(pdftex.def)             Requested size: 226.70963pt x 106.0871pt.
<../figures/configuration_distance/budget_3000/configuration_distance_distribut
ion_referenceFronts_3000.png, id=183, 714.0276pt x 334.1283pt>
File: ../figures/configuration_distance/budget_3000/configuration_distance_dist
ribution_referenceFronts_3000.png Graphic file (type png)
<use ../figures/configuration_distance/budget_3000/configuration_distance_distr
ibution_referenceFronts_3000.png>
Package pdftex.def Info: ../figures/configuration_distance/budget_3000/configur
ation_distance_distribution_referenceFronts_3000.png  used on input line 518.
(pdftex.def)             Requested size: 226.70963pt x 106.0871pt.
<../figures/configuration_distance/budget_5000/configuration_distance_distribut
ion_referenceFronts_5000.png, id=184, 714.0276pt x 334.1283pt>
File: ../figures/configuration_distance/budget_5000/configuration_distance_dist
ribution_referenceFronts_5000.png Graphic file (type png)
<use ../figures/configuration_distance/budget_5000/configuration_distance_distr
ibution_referenceFronts_5000.png>
Package pdftex.def Info: ../figures/configuration_distance/budget_5000/configur
ation_distance_distribution_referenceFronts_5000.png  used on input line 524.
(pdftex.def)             Requested size: 226.70963pt x 106.0871pt.
<../figures/configuration_distance/budget_7000/configuration_distance_distribut
ion_referenceFronts_7000.png, id=185, 714.0276pt x 334.1283pt>
File: ../figures/configuration_distance/budget_7000/configuration_distance_dist
ribution_referenceFronts_7000.png Graphic file (type png)
<use ../figures/configuration_distance/budget_7000/configuration_distance_distr
ibution_referenceFronts_7000.png>
Package pdftex.def Info: ../figures/configuration_distance/budget_7000/configur
ation_distance_distribution_referenceFronts_7000.png  used on input line 530.
(pdftex.def)             Requested size: 226.70963pt x 106.0871pt.
<../figures/configuration_distance/budget_1000/configuration_distance_distribut
ion_estimatedReferenceFronts_1000.png, id=186, 714.0276pt x 334.1283pt>
File: ../figures/configuration_distance/budget_1000/configuration_distance_dist
ribution_estimatedReferenceFronts_1000.png Graphic file (type png)
<use ../figures/configuration_distance/budget_1000/configuration_distance_distr
ibution_estimatedReferenceFronts_1000.png>
Package pdftex.def Info: ../figures/configuration_distance/budget_1000/configur
ation_distance_distribution_estimatedReferenceFronts_1000.png  used on input li
ne 542.
(pdftex.def)             Requested size: 226.70963pt x 106.0871pt.
<../figures/configuration_distance/budget_3000/configuration_distance_distribut
ion_estimatedReferenceFronts_3000.png, id=187, 714.0276pt x 334.1283pt>
File: ../figures/configuration_distance/budget_3000/configuration_distance_dist
ribution_estimatedReferenceFronts_3000.png Graphic file (type png)
<use ../figures/configuration_distance/budget_3000/configuration_distance_distr
ibution_estimatedReferenceFronts_3000.png>
Package pdftex.def Info: ../figures/configuration_distance/budget_3000/configur
ation_distance_distribution_estimatedReferenceFronts_3000.png  used on input li
ne 548.
(pdftex.def)             Requested size: 226.70963pt x 106.0871pt.
<../figures/configuration_distance/budget_5000/configuration_distance_distribut
ion_estimatedReferenceFronts_5000.png, id=188, 714.0276pt x 334.1283pt>
File: ../figures/configuration_distance/budget_5000/configuration_distance_dist
ribution_estimatedReferenceFronts_5000.png Graphic file (type png)
<use ../figures/configuration_distance/budget_5000/configuration_distance_distr
ibution_estimatedReferenceFronts_5000.png>
Package pdftex.def Info: ../figures/configuration_distance/budget_5000/configur
ation_distance_distribution_estimatedReferenceFronts_5000.png  used on input li
ne 554.
(pdftex.def)             Requested size: 226.70963pt x 106.0871pt.
<../figures/configuration_distance/budget_7000/configuration_distance_distribut
ion_estimatedReferenceFronts_7000.png, id=189, 714.0276pt x 334.1283pt>
File: ../figures/configuration_distance/budget_7000/configuration_distance_dist
ribution_estimatedReferenceFronts_7000.png Graphic file (type png)
<use ../figures/configuration_distance/budget_7000/configuration_distance_distr
ibution_estimatedReferenceFronts_7000.png>
Package pdftex.def Info: ../figures/configuration_distance/budget_7000/configur
ation_distance_distribution_estimatedReferenceFronts_7000.png  used on input li
ne 560.
(pdftex.def)             Requested size: 226.70963pt x 106.0871pt.

Overfull \hbox (375.00322pt too wide) in paragraph at lines 573--587
 [][] 
 []


Overfull \hbox (45.15327pt too wide) in paragraph at lines 596--610
 [][] 
 []


Overfull \hbox (84.92247pt too wide) in paragraph at lines 619--633
 [][] 
 []


Overfull \hbox (29.93982pt too wide) in paragraph at lines 643--644
\T1/cmr/m/n/10.95 seguir de-jando lib-er-tad a \T1/cmtt/m/n/10.95 populationSiz
eWithArchive\T1/cmr/m/n/10.95 , \T1/cmtt/m/n/10.95 powerLawMutationDelta\T1/cmr
/m/n/10.95 , \T1/cmtt/m/n/10.95 crossoverProbability
 []


Overfull \hbox (93.62038pt too wide) in paragraph at lines 643--644
\T1/cmr/m/n/10.95 y \T1/cmtt/m/n/10.95 mutationProbabilityFactor\T1/cmr/m/n/10.
95 . En frente es-ti-mado, esa lista cam-bia ha-cia \T1/cmtt/m/n/10.95 archiveT
ype\T1/cmr/m/n/10.95 , \T1/cmtt/m/n/10.95 mutationProbabilityFactor\T1/cmr/m/n/
10.95 ,
 []

[9

] [10] [11 <../figures/configuration_distance/budget_1000/configuration_distanc
e_distribution_referenceFronts_1000.png> <../figures/configuration_distance/bud
get_3000/configuration_distance_distribution_referenceFronts_3000.png> <../figu
res/configuration_distance/budget_5000/configuration_distance_distribution_refe
renceFronts_5000.png> <../figures/configuration_distance/budget_7000/configurat
ion_distance_distribution_referenceFronts_7000.png> <../figures/configuration_d
istance/budget_1000/configuration_distance_distribution_estimatedReferenceFront
s_1000.png> <../figures/configuration_distance/budget_3000/configuration_distan
ce_distribution_estimatedReferenceFronts_3000.png> <../figures/configuration_di
stance/budget_5000/configuration_distance_distribution_estimatedReferenceFronts
_5000.png> <../figures/configuration_distance/budget_7000/configuration_distanc
e_distribution_estimatedReferenceFronts_7000.png>]
Overfull \hbox (469.7203pt too wide) in paragraph at lines 650--664
 [][] 
 []


Overfull \hbox (258.4362pt too wide) in paragraph at lines 673--685
 [][] 
 []


Overfull \hbox (0.33551pt too wide) in paragraph at lines 693--694
[]\T1/cmr/m/n/10.95 Tercero, en frente es-ti-mado la sen-si-bil-i-dad a los com
-po-nentes es mas in-estable y benchmark-especifica.
 []

[12] [13] [14] [15

] [16


]
Overfull \hbox (0.34264pt too wide) in paragraph at lines 831--832
[]\T1/cmtt/m/n/10.95 scripts/analysis/figures/base_hv_pooled\T1/cmr/m/n/10.95 :
 cur-vas pooled de-scrip-ti-vas de HV nor-mal-izado. 
 []

[17

] (detailed_analysis_report.aux)
 ***********
LaTeX2e <2025-11-01>
L3 programming layer <2025-12-24>
 ***********
Package rerunfilecheck Info: File `detailed_analysis_report.out' has not change
d.
(rerunfilecheck)             Checksum: F82A1C36D490558DE9216630B71F32D3;2614.
 ) 
Here is how much of TeX's memory you used:
 11306 strings out of 467871
 202279 string characters out of 5418376
 619485 words of memory out of 5000000
 40011 multiletter control sequences out of 15000+600000
 639049 words of font info for 62 fonts, out of 8000000 for 9000
 1141 hyphenation exceptions out of 8191
 75i,9n,79p,798b,541s stack positions out of 10000i,1000n,20000p,200000b,200000s
 <C:\Users\nicor\AppData\Local\MiKTeX\fonts/pk/ljfour/jknappen/ec/dpi600\ecrm
0800.pk> <C:\Users\nicor\AppData\Local\MiKTeX\fonts/pk/ljfour/jknappen/ec/dpi60
0\ecrm1000.pk> <C:\Users\nicor\AppData\Local\MiKTeX\fonts/pk/ljfour/jknappen/ec
/dpi600\ecbx1095.pk> <C:\Users\nicor\AppData\Local\MiKTeX\fonts/pk/ljfour/jknap
pen/ec/dpi600\ecti1095.pk> <C:\Users\nicor\AppData\Local\MiKTeX\fonts/pk/ljfour
/jknappen/ec/dpi600\tcrm1095.pk> <C:\Users\nicor\AppData\Local\MiKTeX\fonts/pk/
ljfour/jknappen/ec/dpi600\ecbx1440.pk> <C:\Users\nicor\AppData\Local\MiKTeX\fon
ts/pk/ljfour/jknappen/ec/dpi600\ectt1200.pk> <C:\Users\nicor\AppData\Local\MiKT
eX\fonts/pk/ljfour/jknappen/ec/dpi600\ectt1095.pk> <C:\Users\nicor\AppData\Loca
l\MiKTeX\fonts/pk/ljfour/jknappen/ec/dpi600\ecrm1095.pk> <C:\Users\nicor\AppDat
a\Local\MiKTeX\fonts/pk/ljfour/jknappen/ec/dpi600\ecrm1200.pk> <C:\Users\nicor\
AppData\Local\MiKTeX\fonts/pk/ljfour/jknappen/ec/dpi600\ecbx2488.pk> <C:\Users\
nicor\AppData\Local\MiKTeX\fonts/pk/ljfour/jknappen/ec/dpi600\ecrm1440.pk><C:/U
sers/nicor/AppData/Local/Programs/MiKTeX/fonts/type1/public/amsfonts/cm/cmmi10.
pfb><C:/Users/nicor/AppData/Local/Programs/MiKTeX/fonts/type1/public/amsfonts/c
m/cmr10.pfb><C:/Users/nicor/AppData/Local/Programs/MiKTeX/fonts/type1/public/am
sfonts/cm/cmsy10.pfb>
Output written on detailed_analysis_report.pdf (20 pages, 7007853 bytes).
PDF statistics:
 681 PDF objects out of 1000 (max. 8388607)
 54 named destinations out of 1000 (max. 500000)
 257 words of extra memory for PDF output out of 10000 (max. 10000000)

